<?xml version="1.0" encoding="UTF-8"?>
<testsuite name="regression test"
           tests="3"
           failures="0"
           errors="0"
           skipped="0"
           time="1.778">
  <properties />
  
  
            <testcase name="aChileanComingToTheUKForWorkAndPlansOnStayingForLongerThanSixMonths" time="0.773" classname="gov.uk.check.visa.testsuite.VisaConfirmationTest" />
                <testcase name="anAustralianCominToUKForTourism" time="0.502" classname="gov.uk.check.visa.testsuite.VisaConfirmationTest" />
                <testcase name="aColumbianNationalComingToTheUKToJoinAPartnerForALongStayTheyDoHaveAnArticle10Or20Card" time="0.503" classname="gov.uk.check.visa.testsuite.VisaConfirmationTest" />
      
</testsuite>
